<?xml version="1.0" encoding="UTF-8"?>
<!-- Generated by org.testng.reporters.JUnitReportReporter -->
<testsuite skipped="0" hostname="DESKTOP-7HJVH8V" name="cucumberOptions.TestNGTestRunner" tests="2" failures="0" timestamp="2022-12-08T23:45:43 CET" time="26.520" errors="0">
  <testcase name="runScenario" time="13.622" classname="cucumberOptions.TestNGTestRunner"/>
  <system-out/>
  <testcase name="runScenario" time="12.898" classname="cucumberOptions.TestNGTestRunner"/>
  <system-out/>
</testsuite> <!-- cucumberOptions.TestNGTestRunner -->
