<?xml version="1.0" encoding="UTF-8"?>
<!-- Generated by org.testng.reporters.JUnitReportReporter -->
<testsuite skipped="0" hostname="DESKTOP-7HJVH8V" name="cucumberOptions.TestNGTestRunner" tests="2" failures="0" timestamp="2022-12-08T22:41:50 CET" time="19.118" errors="0">
  <testcase name="runScenario" time="10.040" classname="cucumberOptions.TestNGTestRunner"/>
  <system-out/>
  <testcase name="runScenario" time="9.078" classname="cucumberOptions.TestNGTestRunner"/>
  <system-out/>
</testsuite> <!-- cucumberOptions.TestNGTestRunner -->
