<?xml version="1.0" encoding="UTF-8"?>
<!-- Generated by org.testng.reporters.JUnitReportReporter -->
<testsuite skipped="0" hostname="DESKTOP-7HJVH8V" name="cucumberOptions.TestNGTestRunner" tests="1" failures="0" timestamp="2022-12-07T21:29:55 CET" time="10.115" errors="0">
  <testcase name="runScenario" time="10.115" classname="cucumberOptions.TestNGTestRunner"/>
  <system-out/>
</testsuite> <!-- cucumberOptions.TestNGTestRunner -->
