<?xml version="1.0" encoding="UTF-8"?>
<!-- Generated by org.testng.reporters.JUnitReportReporter -->
<testsuite skipped="0" hostname="DESKTOP-7HJVH8V" name="cucumberOptions.TestNGTestRunner" tests="1" failures="0" timestamp="2022-12-07T16:06:45 CET" time="9.784" errors="0">
  <testcase name="runScenario" time="9.784" classname="cucumberOptions.TestNGTestRunner"/>
  <system-out/>
</testsuite> <!-- cucumberOptions.TestNGTestRunner -->
